<?xml version="1.0" encoding="UTF-8"?>
<testng-results ignored="0" total="3" passed="2" failed="1" skipped="0">
  <reporter-output>
  </reporter-output>
  <suite started-at="2023-04-13T14:12:03 EEST" name="Suite" finished-at="2023-04-13T14:13:38 EEST" duration-ms="94683">
    <groups>
      <group name="Smoke">
        <method signature="LogInTests.logInTest(java.util.HashMap)[pri:0, instance:com.daniela.manolova.ryanair.tests.LogInTests@3549bca9]" name="logInTest" class="com.daniela.manolova.ryanair.tests.LogInTests"/>
      </group> <!-- Smoke -->
    </groups>
    <test started-at="2023-04-13T14:12:03 EEST" name="Test" finished-at="2023-04-13T14:13:38 EEST" duration-ms="94683">
      <class name="com.daniela.manolova.ryanair.tests.LogInTests">
        <test-method is-config="true" signature="ConfigureAppium()[pri:0, instance:com.daniela.manolova.ryanair.tests.LogInTests@3549bca9]" started-at="2023-04-13T14:12:04 EEST" name="ConfigureAppium" finished-at="2023-04-13T14:12:22 EEST" duration-ms="18718" status="PASS">
          <reporter-output>
          </reporter-output>
        </test-method> <!-- ConfigureAppium -->
        <test-method signature="logInTest(java.util.HashMap)[pri:0, instance:com.daniela.manolova.ryanair.tests.LogInTests@3549bca9]" started-at="2023-04-13T14:12:22 EEST" name="logInTest" data-provider="getData" finished-at="2023-04-13T14:12:42 EEST" duration-ms="19417" status="FAIL">
          <params>
            <param index="0">
              <value>
                <![CDATA[{password=P4ssw0rd!, isValidData=true, username=yordankakehayovagocheva@gmail.com}]]>
              </value>
            </param>
          </params>
          <exception class="org.openqa.selenium.TimeoutException">
            <message>
              <![CDATA[Expected condition failed: waiting for visibility of Located by By.chained({AppiumBy.id: com.ryanair.cheapflights:id/title}) (tried for 10 second(s) with 500 milliseconds interval)]]>
            </message>
            <full-stacktrace>
              <![CDATA[org.openqa.selenium.TimeoutException: Expected condition failed: waiting for visibility of Located by By.chained({AppiumBy.id: com.ryanair.cheapflights:id/title}) (tried for 10 second(s) with 500 milliseconds interval)
at org.openqa.selenium.support.ui.WebDriverWait.timeoutException(WebDriverWait.java:87)
at org.openqa.selenium.support.ui.FluentWait.until(FluentWait.java:231)
at com.daniela.manolova.ryanair.utils.android.Utils.waitForVisibilityOfElement(Utils.java:36)
at com.daniela.manolova.ryanair.pageobjects.android.SignInPage.doesTextEquals(SignInPage.java:56)
at com.daniela.manolova.ryanair.tests.LogInTests.logInTest(LogInTests.java:28)
at java.base/jdk.internal.reflect.NativeMethodAccessorImpl.invoke0(Native Method)
at java.base/jdk.internal.reflect.NativeMethodAccessorImpl.invoke(NativeMethodAccessorImpl.java:62)
at java.base/jdk.internal.reflect.DelegatingMethodAccessorImpl.invoke(DelegatingMethodAccessorImpl.java:43)
at java.base/java.lang.reflect.Method.invoke(Method.java:566)
at org.testng.internal.invokers.MethodInvocationHelper.invokeMethod(MethodInvocationHelper.java:139)
at org.testng.internal.invokers.TestInvoker.invokeMethod(TestInvoker.java:677)
at org.testng.internal.invokers.TestInvoker.invokeTestMethod(TestInvoker.java:221)
at org.testng.internal.invokers.MethodRunner.runInSequence(MethodRunner.java:50)
at org.testng.internal.invokers.TestInvoker$MethodInvocationAgent.invoke(TestInvoker.java:969)
at org.testng.internal.invokers.TestInvoker.invokeTestMethods(TestInvoker.java:194)
at org.testng.internal.invokers.TestMethodWorker.invokeTestMethods(TestMethodWorker.java:148)
at org.testng.internal.invokers.TestMethodWorker.run(TestMethodWorker.java:128)
at java.base/java.util.ArrayList.forEach(ArrayList.java:1541)
at org.testng.TestRunner.privateRun(TestRunner.java:829)
at org.testng.TestRunner.run(TestRunner.java:602)
at org.testng.SuiteRunner.runTest(SuiteRunner.java:437)
at org.testng.SuiteRunner.runSequentially(SuiteRunner.java:431)
at org.testng.SuiteRunner.privateRun(SuiteRunner.java:391)
at org.testng.SuiteRunner.run(SuiteRunner.java:330)
at org.testng.SuiteRunnerWorker.runSuite(SuiteRunnerWorker.java:52)
at org.testng.SuiteRunnerWorker.run(SuiteRunnerWorker.java:95)
at org.testng.TestNG.runSuitesSequentially(TestNG.java:1256)
at org.testng.TestNG.runSuitesLocally(TestNG.java:1176)
at org.testng.TestNG.runSuites(TestNG.java:1099)
at org.testng.TestNG.run(TestNG.java:1067)
at org.testng.remote.AbstractRemoteTestNG.run(AbstractRemoteTestNG.java:115)
at org.testng.remote.RemoteTestNG.initAndRun(RemoteTestNG.java:251)
at org.testng.remote.RemoteTestNG.main(RemoteTestNG.java:77)
Caused by: org.openqa.selenium.NoSuchElementException: Can't locate an element by this strategy: By.chained({AppiumBy.id: com.ryanair.cheapflights:id/title})
at io.appium.java_client.pagefactory.AppiumElementLocator.findElement(AppiumElementLocator.java:125)
at io.appium.java_client.pagefactory.interceptors.InterceptorOfASingleElement.intercept(InterceptorOfASingleElement.java:59)
at org.openqa.selenium.remote.RemoteWebElement$$EnhancerByCGLIB$$d27c0df4.isDisplayed(<generated>)
at org.openqa.selenium.support.ui.ExpectedConditions.elementIfVisible(ExpectedConditions.java:307)
at org.openqa.selenium.support.ui.ExpectedConditions.access$000(ExpectedConditions.java:40)
at org.openqa.selenium.support.ui.ExpectedConditions$10.apply(ExpectedConditions.java:293)
at org.openqa.selenium.support.ui.ExpectedConditions$10.apply(ExpectedConditions.java:290)
at org.openqa.selenium.support.ui.FluentWait.until(FluentWait.java:208)
... 31 more
Caused by: org.openqa.selenium.TimeoutException: Expected condition failed: waiting for io.appium.java_client.pagefactory.AppiumElementLocator$WaitingFunction@167381c7 (tried for 1 second(s) with 500 milliseconds interval)
at org.openqa.selenium.support.ui.FluentWait.timeoutException(FluentWait.java:263)
at org.openqa.selenium.support.ui.FluentWait.until(FluentWait.java:231)
at io.appium.java_client.pagefactory.AppiumElementLocator.waitFor(AppiumElementLocator.java:98)
at io.appium.java_client.pagefactory.AppiumElementLocator.findElement(AppiumElementLocator.java:118)
... 38 more
Caused by: org.openqa.selenium.NoSuchElementException: Cannot locate an element using By.chained({AppiumBy.id: com.ryanair.cheapflights:id/title})
For documentation on this error, please visit: https://selenium.dev/exceptions/#no_such_element
Build info: version: '4.8.1', revision: '8ebccac989'
System info: os.name: 'Windows 10', os.arch: 'amd64', os.version: '10.0', java.version: '11.0.11'
Driver info: driver.version: RemoteWebDriver
at io.appium.java_client.pagefactory.bys.builder.ByChained.findElement(ByChained.java:77)
at org.openqa.selenium.remote.ElementLocation$ElementFinder$1.findElement(ElementLocation.java:136)
at org.openqa.selenium.remote.ElementLocation.findElement(ElementLocation.java:60)
at org.openqa.selenium.remote.RemoteWebDriver.findElement(RemoteWebDriver.java:352)
at org.openqa.selenium.remote.RemoteWebDriver.findElement(RemoteWebDriver.java:344)
at io.appium.java_client.pagefactory.bys.ContentMappedBy.findElement(ContentMappedBy.java:50)
at org.openqa.selenium.remote.ElementLocation$ElementFinder$1.findElement(ElementLocation.java:136)
at org.openqa.selenium.remote.ElementLocation.findElement(ElementLocation.java:60)
at org.openqa.selenium.remote.RemoteWebDriver.findElement(RemoteWebDriver.java:352)
at org.openqa.selenium.remote.RemoteWebDriver.findElement(RemoteWebDriver.java:344)
at io.appium.java_client.pagefactory.AppiumElementLocator.lambda$findElement$0(AppiumElementLocator.java:119)
at io.appium.java_client.pagefactory.AppiumElementLocator$WaitingFunction.apply(AppiumElementLocator.java:171)
at io.appium.java_client.pagefactory.AppiumElementLocator$WaitingFunction.apply(AppiumElementLocator.java:164)
at org.openqa.selenium.support.ui.FluentWait.until(FluentWait.java:208)
... 40 more
]]>
            </full-stacktrace>
          </exception> <!-- org.openqa.selenium.TimeoutException -->
          <reporter-output>
          </reporter-output>
        </test-method> <!-- logInTest -->
        <test-method is-config="true" signature="tearDown()[pri:0, instance:com.daniela.manolova.ryanair.tests.LogInTests@3549bca9]" started-at="2023-04-13T14:12:42 EEST" name="tearDown" finished-at="2023-04-13T14:12:43 EEST" duration-ms="457" status="PASS">
          <reporter-output>
          </reporter-output>
        </test-method> <!-- tearDown -->
        <test-method is-config="true" signature="ConfigureAppium()[pri:0, instance:com.daniela.manolova.ryanair.tests.LogInTests@3549bca9]" started-at="2023-04-13T14:12:43 EEST" name="ConfigureAppium" finished-at="2023-04-13T14:13:00 EEST" duration-ms="17170" status="PASS">
          <reporter-output>
          </reporter-output>
        </test-method> <!-- ConfigureAppium -->
        <test-method signature="logInTest(java.util.HashMap)[pri:0, instance:com.daniela.manolova.ryanair.tests.LogInTests@3549bca9]" started-at="2023-04-13T14:13:00 EEST" name="logInTest" data-provider="getData" finished-at="2023-04-13T14:13:10 EEST" duration-ms="10403" status="PASS">
          <params>
            <param index="0">
              <value>
                <![CDATA[{isEmailCorrect=false, password=P4ssw0rd!, isValidData=false, username=invalidName}]]>
              </value>
            </param>
          </params>
          <reporter-output>
          </reporter-output>
        </test-method> <!-- logInTest -->
        <test-method is-config="true" signature="tearDown()[pri:0, instance:com.daniela.manolova.ryanair.tests.LogInTests@3549bca9]" started-at="2023-04-13T14:13:10 EEST" name="tearDown" finished-at="2023-04-13T14:13:11 EEST" duration-ms="454" status="PASS">
          <reporter-output>
          </reporter-output>
        </test-method> <!-- tearDown -->
        <test-method is-config="true" signature="ConfigureAppium()[pri:0, instance:com.daniela.manolova.ryanair.tests.LogInTests@3549bca9]" started-at="2023-04-13T14:13:11 EEST" name="ConfigureAppium" finished-at="2023-04-13T14:13:28 EEST" duration-ms="17220" status="PASS">
          <reporter-output>
          </reporter-output>
        </test-method> <!-- ConfigureAppium -->
        <test-method signature="logInTest(java.util.HashMap)[pri:0, instance:com.daniela.manolova.ryanair.tests.LogInTests@3549bca9]" started-at="2023-04-13T14:13:28 EEST" name="logInTest" data-provider="getData" finished-at="2023-04-13T14:13:38 EEST" duration-ms="9800" status="PASS">
          <params>
            <param index="0">
              <value>
                <![CDATA[{isEmailCorrect=true, password=invalidPassowrd!, isValidData=false, username=yordankakehayovagocheva@gmail.com}]]>
              </value>
            </param>
          </params>
          <reporter-output>
          </reporter-output>
        </test-method> <!-- logInTest -->
        <test-method is-config="true" signature="tearDown()[pri:0, instance:com.daniela.manolova.ryanair.tests.LogInTests@3549bca9]" started-at="2023-04-13T14:13:38 EEST" name="tearDown" finished-at="2023-04-13T14:13:38 EEST" duration-ms="437" status="PASS">
          <reporter-output>
          </reporter-output>
        </test-method> <!-- tearDown -->
      </class> <!-- com.daniela.manolova.ryanair.tests.LogInTests -->
    </test> <!-- Test -->
  </suite> <!-- Suite -->
</testng-results>
